<?xml version="1.0" encoding="UTF-8"?>
<testsuite name="SeleniumDemo" tests="1" skipped="0" failures="0" errors="0" timestamp="2021-07-09T06:38:10" hostname="Shopups-MacBook-Pro.local" time="0.971">
  <properties/>
  <testcase name="userLogin" classname="SeleniumDemo" time="0.971"/>
  <system-out><![CDATA[Current URL is:https://the-internet.herokuapp.com/secure
]]></system-out>
  <system-err><![CDATA[SLF4J: Failed to load class "org.slf4j.impl.StaticLoggerBinder".
SLF4J: Defaulting to no-operation (NOP) logger implementation
SLF4J: See http://www.slf4j.org/codes.html#StaticLoggerBinder for further details.
Starting ChromeDriver 91.0.4472.101 (af52a90bf87030dd1523486a1cd3ae25c5d76c9b-refs/branch-heads/4472@{#1462}) on port 29680
Only local connections are allowed.
Please see https://chromedriver.chromium.org/security-considerations for suggestions on keeping ChromeDriver safe.
ChromeDriver was started successfully.
Jul 09, 2021 12:38:04 PM org.openqa.selenium.remote.ProtocolHandshake createSession
INFO: Detected dialect: W3C
]]></system-err>
</testsuite>
